[2025-07-10T08:14:41.928+0000] {taskinstance.py:1157} INFO - Dependencies all met for dep_context=non-requeueable deps ti=<TaskInstance: minio_file_compressorone.compress_and_reupload manual__2025-07-10T08:14:39.331540+00:00 [queued]>
[2025-07-10T08:14:42.005+0000] {taskinstance.py:1157} INFO - Dependencies all met for dep_context=requeueable deps ti=<TaskInstance: minio_file_compressorone.compress_and_reupload manual__2025-07-10T08:14:39.331540+00:00 [queued]>
[2025-07-10T08:14:42.007+0000] {taskinstance.py:1359} INFO - Starting attempt 1 of 2
[2025-07-10T08:14:42.120+0000] {taskinstance.py:1380} INFO - Executing <Task(PythonOperator): compress_and_reupload> on 2025-07-10 08:14:39.331540+00:00
[2025-07-10T08:14:42.160+0000] {standard_task_runner.py:57} INFO - Started process 71 to run task
[2025-07-10T08:14:42.208+0000] {standard_task_runner.py:84} INFO - Running: ['***', 'tasks', 'run', 'minio_file_compressorone', 'compress_and_reupload', 'manual__2025-07-10T08:14:39.331540+00:00', '--job-id', '11', '--raw', '--subdir', 'DAGS_FOLDER/file_compress.py', '--cfg-path', '/tmp/tmptmt397i7']
[2025-07-10T08:14:42.213+0000] {standard_task_runner.py:85} INFO - Job 11: Subtask compress_and_reupload
[2025-07-10T08:14:42.933+0000] {task_command.py:415} INFO - Running <TaskInstance: minio_file_compressorone.compress_and_reupload manual__2025-07-10T08:14:39.331540+00:00 [running]> on host 8f371c99a199
[2025-07-10T08:14:43.696+0000] {taskinstance.py:1660} INFO - Exporting env vars: AIRFLOW_CTX_DAG_OWNER='***' AIRFLOW_CTX_DAG_ID='minio_file_compressorone' AIRFLOW_CTX_TASK_ID='compress_and_reupload' AIRFLOW_CTX_EXECUTION_DATE='2025-07-10T08:14:39.331540+00:00' AIRFLOW_CTX_TRY_NUMBER='1' AIRFLOW_CTX_DAG_RUN_ID='manual__2025-07-10T08:14:39.331540+00:00'
[2025-07-10T08:14:43.702+0000] {logging_mixin.py:151} INFO - [INFO] Received object name: test_file.txt
[2025-07-10T08:14:43.703+0000] {logging_mixin.py:151} INFO - [INFO] Downloading from: testing-files/test_file.txt
[2025-07-10T08:14:43.705+0000] {logging_mixin.py:151} INFO - [INFO] Local input path: /tmp/test_file.txt
[2025-07-10T08:14:43.705+0000] {logging_mixin.py:151} INFO - [INFO] Local output path: /tmp/test_file.txt.gz
[2025-07-10T08:14:43.706+0000] {logging_mixin.py:151} INFO - [INFO] Compressed key: test_file.txt.gz
[2025-07-10T08:14:45.227+0000] {logging_mixin.py:151} INFO - [INFO] Downloading file from MinIO...
[2025-07-10T08:14:45.282+0000] {logging_mixin.py:151} INFO - [INFO] Downloaded file size: 331 bytes
[2025-07-10T08:14:45.283+0000] {logging_mixin.py:151} INFO - [INFO] Compressing file...
[2025-07-10T08:14:45.286+0000] {logging_mixin.py:151} INFO - [INFO] Compressed file size: 242 bytes
[2025-07-10T08:14:45.287+0000] {logging_mixin.py:151} INFO - [INFO] Compression ratio: 1.37x
[2025-07-10T08:14:45.289+0000] {logging_mixin.py:151} INFO - [INFO] Uploading compressed file to compressed-files/test_file.txt.gz
[2025-07-10T08:14:45.313+0000] {logging_mixin.py:151} INFO - [INFO] Upload complete!
[2025-07-10T08:14:45.417+0000] {logging_mixin.py:151} INFO - [INFO] Cleanup complete - temporary files removed
[2025-07-10T08:14:45.418+0000] {python.py:194} INFO - Done. Returned value was: None
[2025-07-10T08:14:45.447+0000] {taskinstance.py:1398} INFO - Marking task as SUCCESS. dag_id=minio_file_compressorone, task_id=compress_and_reupload, execution_date=20250710T081439, start_date=20250710T081441, end_date=20250710T081445
[2025-07-10T08:14:45.536+0000] {local_task_job_runner.py:228} INFO - Task exited with return code 0
[2025-07-10T08:14:45.611+0000] {taskinstance.py:2776} INFO - 1 downstream tasks scheduled from follow-on schedule check
