[2025-07-08T07:07:05.404+0000] {taskinstance.py:1157} INFO - Dependencies all met for dep_context=non-requeueable deps ti=<TaskInstance: minio_file_compressor.compress_file manual__2025-07-08T07:06:59+00:00 [queued]>
[2025-07-08T07:07:05.454+0000] {taskinstance.py:1157} INFO - Dependencies all met for dep_context=requeueable deps ti=<TaskInstance: minio_file_compressor.compress_file manual__2025-07-08T07:06:59+00:00 [queued]>
[2025-07-08T07:07:05.456+0000] {taskinstance.py:1359} INFO - Starting attempt 1 of 2
[2025-07-08T07:07:05.508+0000] {taskinstance.py:1380} INFO - Executing <Task(PythonOperator): compress_file> on 2025-07-08 07:06:59+00:00
[2025-07-08T07:07:05.533+0000] {standard_task_runner.py:57} INFO - Started process 77 to run task
[2025-07-08T07:07:05.547+0000] {standard_task_runner.py:84} INFO - Running: ['***', 'tasks', 'run', 'minio_file_compressor', 'compress_file', 'manual__2025-07-08T07:06:59+00:00', '--job-id', '15', '--raw', '--subdir', 'DAGS_FOLDER/file_compress.py', '--cfg-path', '/tmp/tmpv372y292']
[2025-07-08T07:07:05.553+0000] {standard_task_runner.py:85} INFO - Job 15: Subtask compress_file
[2025-07-08T07:07:05.940+0000] {task_command.py:415} INFO - Running <TaskInstance: minio_file_compressor.compress_file manual__2025-07-08T07:06:59+00:00 [running]> on host 46e48579a505
[2025-07-08T07:07:07.255+0000] {taskinstance.py:1660} INFO - Exporting env vars: AIRFLOW_CTX_DAG_OWNER='***' AIRFLOW_CTX_DAG_ID='minio_file_compressor' AIRFLOW_CTX_TASK_ID='compress_file' AIRFLOW_CTX_EXECUTION_DATE='2025-07-08T07:06:59+00:00' AIRFLOW_CTX_TRY_NUMBER='1' AIRFLOW_CTX_DAG_RUN_ID='manual__2025-07-08T07:06:59+00:00'
[2025-07-08T07:07:07.283+0000] {logging_mixin.py:151} INFO - Starting compression process for file: test_file.txt
[2025-07-08T07:07:10.122+0000] {logging_mixin.py:151} INFO - Successfully downloaded test_file.txt to /tmp/test_file.txt
[2025-07-08T07:07:10.128+0000] {logging_mixin.py:151} INFO - Compressed /tmp/test_file.txt to /tmp/test_file.txt.gz
[2025-07-08T07:07:10.129+0000] {logging_mixin.py:151} INFO - Original size: 331 bytes
[2025-07-08T07:07:10.129+0000] {logging_mixin.py:151} INFO - Compressed size: 242 bytes
[2025-07-08T07:07:10.158+0000] {logging_mixin.py:151} INFO - Successfully uploaded /tmp/test_file.txt.gz to compressed-files/test_file.txt.gz
[2025-07-08T07:07:13.445+0000] {logging_mixin.py:151} INFO - Error sending email: (535, b'5.7.8 Username and Password not accepted. For more information, go to\n5.7.8  https://support.google.com/mail/?p=BadCredentials d9443c01a7336-23c8457e9e1sm108528485ad.175 - gsmtp')
[2025-07-08T07:07:13.465+0000] {logging_mixin.py:151} INFO - Cleaned up /tmp/test_file.txt
[2025-07-08T07:07:13.476+0000] {logging_mixin.py:151} INFO - Cleaned up /tmp/test_file.txt.gz
[2025-07-08T07:07:13.479+0000] {logging_mixin.py:151} INFO - Successfully completed compression process for test_file.txt
[2025-07-08T07:07:13.487+0000] {python.py:194} INFO - Done. Returned value was: None
[2025-07-08T07:07:13.569+0000] {taskinstance.py:1398} INFO - Marking task as SUCCESS. dag_id=minio_file_compressor, task_id=compress_file, execution_date=20250708T070659, start_date=20250708T070705, end_date=20250708T070713
[2025-07-08T07:07:13.725+0000] {local_task_job_runner.py:228} INFO - Task exited with return code 0
[2025-07-08T07:07:13.850+0000] {taskinstance.py:2776} INFO - 0 downstream tasks scheduled from follow-on schedule check
