[2025-07-08T06:48:55.694+0000] {taskinstance.py:1157} INFO - Dependencies all met for dep_context=non-requeueable deps ti=<TaskInstance: minio_file_compressor.compress_file manual__2025-07-08T06:48:46+00:00 [queued]>
[2025-07-08T06:48:55.785+0000] {taskinstance.py:1157} INFO - Dependencies all met for dep_context=requeueable deps ti=<TaskInstance: minio_file_compressor.compress_file manual__2025-07-08T06:48:46+00:00 [queued]>
[2025-07-08T06:48:55.787+0000] {taskinstance.py:1359} INFO - Starting attempt 1 of 2
[2025-07-08T06:48:55.929+0000] {taskinstance.py:1380} INFO - Executing <Task(PythonOperator): compress_file> on 2025-07-08 06:48:46+00:00
[2025-07-08T06:48:56.067+0000] {standard_task_runner.py:84} INFO - Running: ['***', 'tasks', 'run', 'minio_file_compressor', 'compress_file', 'manual__2025-07-08T06:48:46+00:00', '--job-id', '12', '--raw', '--subdir', 'DAGS_FOLDER/file_compress.py', '--cfg-path', '/tmp/tmpxamvywqy']
[2025-07-08T06:48:56.080+0000] {standard_task_runner.py:85} INFO - Job 12: Subtask compress_file
[2025-07-08T06:48:55.959+0000] {standard_task_runner.py:57} INFO - Started process 62 to run task
[2025-07-08T06:48:56.671+0000] {task_command.py:415} INFO - Running <TaskInstance: minio_file_compressor.compress_file manual__2025-07-08T06:48:46+00:00 [running]> on host 46e48579a505
[2025-07-08T06:48:57.789+0000] {taskinstance.py:1660} INFO - Exporting env vars: AIRFLOW_CTX_DAG_OWNER='***' AIRFLOW_CTX_DAG_ID='minio_file_compressor' AIRFLOW_CTX_TASK_ID='compress_file' AIRFLOW_CTX_EXECUTION_DATE='2025-07-08T06:48:46+00:00' AIRFLOW_CTX_TRY_NUMBER='1' AIRFLOW_CTX_DAG_RUN_ID='manual__2025-07-08T06:48:46+00:00'
[2025-07-08T06:48:57.796+0000] {logging_mixin.py:151} INFO - Starting compression process for file: test_file.txt
[2025-07-08T06:49:01.567+0000] {logging_mixin.py:151} INFO - Successfully downloaded test_file.txt to /tmp/test_file.txt
[2025-07-08T06:49:01.582+0000] {logging_mixin.py:151} INFO - Compressed /tmp/test_file.txt to /tmp/test_file.txt.gz
[2025-07-08T06:49:01.583+0000] {logging_mixin.py:151} INFO - Original size: 331 bytes
[2025-07-08T06:49:01.586+0000] {logging_mixin.py:151} INFO - Compressed size: 242 bytes
[2025-07-08T06:49:01.715+0000] {logging_mixin.py:151} INFO - Successfully uploaded /tmp/test_file.txt.gz to compressed-files/test_file.txt.gz
[2025-07-08T06:49:04.679+0000] {logging_mixin.py:151} INFO - Error sending email: (535, b'5.7.8 Username and Password not accepted. For more information, go to\n5.7.8  https://support.google.com/mail/?p=BadCredentials 98e67ed59e1d1-31c21d67cbasm1411075a91.16 - gsmtp')
[2025-07-08T06:49:04.737+0000] {logging_mixin.py:151} INFO - Cleaned up /tmp/test_file.txt
[2025-07-08T06:49:04.749+0000] {logging_mixin.py:151} INFO - Cleaned up /tmp/test_file.txt.gz
[2025-07-08T06:49:04.752+0000] {logging_mixin.py:151} INFO - Successfully completed compression process for test_file.txt
[2025-07-08T06:49:04.754+0000] {python.py:194} INFO - Done. Returned value was: None
[2025-07-08T06:49:05.048+0000] {taskinstance.py:1398} INFO - Marking task as SUCCESS. dag_id=minio_file_compressor, task_id=compress_file, execution_date=20250708T064846, start_date=20250708T064855, end_date=20250708T064905
[2025-07-08T06:49:05.362+0000] {local_task_job_runner.py:228} INFO - Task exited with return code 0
[2025-07-08T06:49:05.487+0000] {taskinstance.py:2776} INFO - 0 downstream tasks scheduled from follow-on schedule check
